*** Starting uWSGI 2.0.18 (64bit) on [Fri Jul  2 19:32:43 2021] ***
compiled with version: 4.2.1 Compatible Clang 4.0.1 (tags/RELEASE_401/final) on 26 February 2019 11:55:09
os: Darwin-20.3.0 Darwin Kernel Version 20.3.0: Thu Jan 21 00:07:06 PST 2021; root:xnu-7195.81.3~1/RELEASE_X86_64
nodename: FRESHYU-MB2
machine: x86_64
clock source: unix
pcre jit disabled
detected number of CPU cores: 12
current working directory: /Volumes/Outter_SSD_1T/Personal_Interest/a21_try_uwsgi
writing pidfile to uwsgi.pid
detected binary path: /Users/yangyu/anaconda3/bin/uwsgi
chdir() to /Volumes/Outter_SSD_1T/Personal_Interest/a21_try_uwsgi/
your processes number limit is 2784
your memory page size is 4096 bytes
detected max file descriptor number: 10240
lock engine: OSX spinlocks
thunder lock: disabled (you can enable it with --thunder-lock)
uWSGI http bound on :9090 fd 4
uwsgi socket 0 bound to TCP address 127.0.0.1:61278 (port auto-assigned) fd 3
Python version: 3.6.7 | packaged by conda-forge | (default, Feb 25 2019, 20:30:30)  [GCC 4.2.1 Compatible Clang 4.0.1 (tags/RELEASE_401/final)]
Python main interpreter initialized at 0x7f973d817800
python threads support enabled
your server socket listen backlog is limited to 100 connections
your mercy for graceful operations on workers is 60 seconds
mapped 416720 bytes (406 KB) for 8 cores
*** Operational MODE: preforking+threaded ***
*** uWSGI is running in multiple interpreter mode ***
spawned uWSGI master process (pid: 41415)
spawned uWSGI worker 1 (pid: 41416, cores: 2)
spawned uWSGI worker 2 (pid: 41417, cores: 2)
spawned uWSGI worker 3 (pid: 41418, cores: 2)
spawned uWSGI worker 4 (pid: 41419, cores: 2)
*** Stats server enabled on 127.0.0.1:9191 fd: 18 ***
spawned uWSGI http 1 (pid: 41420)
unable to stat() true, events will be triggered as soon as the file is created
WSGI app 0 (mountpoint='') ready in 1 seconds on interpreter 0x7f973d817800 pid: 41418 (default app)
WSGI app 0 (mountpoint='') ready in 1 seconds on interpreter 0x7f973d817800 pid: 41417 (default app)
WSGI app 0 (mountpoint='') ready in 1 seconds on interpreter 0x7f973d817800 pid: 41416 (default app)
WSGI app 0 (mountpoint='') ready in 1 seconds on interpreter 0x7f973d817800 pid: 41419 (default app)
[pid: 41416|app: 0|req: 1/1] 127.0.0.1 () {48 vars in 922 bytes} [Fri Jul  2 19:32:56 2021] GET / => generated 41 bytes in 0 msecs (HTTP/1.1 200) 2 headers in 79 bytes (1 switches on core 0)
[pid: 41419|app: 0|req: 1/2] 127.0.0.1 () {46 vars in 854 bytes} [Fri Jul  2 19:32:57 2021] GET /favicon.ico => generated 232 bytes in 0 msecs (HTTP/1.1 404) 2 headers in 87 bytes (1 switches on core 1)
SIGINT/SIGQUIT received...killing workers...
gateway "uWSGI http 1" has been buried (pid: 41420)
worker 4 buried after 1 seconds
worker 3 buried after 1 seconds
worker 2 buried after 1 seconds
worker 1 buried after 1 seconds
goodbye to uWSGI.
